<?xml version="1.0" encoding="UTF-8"?>
<!-- Generated by org.testng.reporters.JUnitReportReporter -->
<testsuite hostname="kmaster" failures="0" tests="1" name="org.apache.maven.archetypes.maven_archetype_quickstart.AppTest" time="0.052" errors="0" timestamp="04 Jun 2021 17:28:59 GMT" skipped="0">
  <testcase classname="org.apache.maven.archetypes.maven_archetype_quickstart.AppTest" name="shouldAnswerWithTrue" time="0.052"/>
</testsuite> <!-- org.apache.maven.archetypes.maven_archetype_quickstart.AppTest -->
